<?xml version="1.0" encoding="UTF-8" ?>
<testsuite tests="8" failures="0" name="TestRunner" time="0.046" errors="2" skipped="0">
  <properties>
[...]
</properties>
  <testcase classname="Scenario: Admin can add an employee with" name="Given I am in login page" time="0.008"/>
  <testcase classname="Scenario: Admin can add an employee with" name="And I select &quot;Admin&quot; as username" time="0"/>
  <testcase classname="Scenario: Admin can add an employee with" name="And I select as  &quot;HZzzHOIO&quot; as password" time="0"/>
  <testcase classname="Scenario: Admin can add an employee with" name="And I can login successfully" time="0"/>
  <testcase classname="Scenario: Admin can add an employee with" name="When user navigates to pim page" time="0"/>
  <testcase classname="Scenario: Admin can add an employee with" name="Then user navigates to add employee page" time="0"/>
  <testcase classname="Scenario: Admin can add an employee with" name="And user enters details of employee" time="0.018">
    <error message="Element should have been &quot;select&quot; but was &quot;input&quot;
Build info: version: &apos;3.0.0&apos;, revision: &apos;350cf60&apos;, time: &apos;2016-10-13 10:48:57 -0700&apos;
System info: host: &apos;ShilpaLohare&apos;, ip: &apos;172.20.10.2&apos;, os.name: &apos;Windows 8.1&apos;, os.arch: &apos;x86&apos;, os.version: &apos;6.3&apos;, java.version: &apos;1.8.0_111&apos;
Driver info: driver.version: unknown" type="org.openqa.selenium.support.ui.UnexpectedTagNameException">org.openqa.selenium.support.ui.UnexpectedTagNameException: Element should have been &quot;select&quot; but was &quot;input&quot;
Build info: version: &apos;3.0.0&apos;, revision: &apos;350cf60&apos;, time: &apos;2016-10-13 10:48:57 -0700&apos;
System info: host: &apos;ShilpaLohare&apos;, ip: &apos;172.20.10.2&apos;, os.name: &apos;Windows 8.1&apos;, os.arch: &apos;x86&apos;, os.version: &apos;6.3&apos;, java.version: &apos;1.8.0_111&apos;
Driver info: driver.version: unknown
	at org.openqa.selenium.support.ui.Select.&lt;init&gt;(Select.java:47)
	at OrangeHm.PimPage.selectFromList(PimPage.java:78)
	at OrangeHm.PimPage.selectStatus(PimPage.java:102)
	at OrangeHm.stepDefinitions.stepDef.userEntersthedetailsofemployee(stepDef.java:124)
	at ✽.And user enters details of employee(Employee.feature:15)
</error>
  </testcase>
  <testcase classname="Scenario: Admin can add an employee with" name="Scenario: Admin can add an employee with" time="0.02">
    <error message="Element should have been &quot;select&quot; but was &quot;input&quot;
Build info: version: &apos;3.0.0&apos;, revision: &apos;350cf60&apos;, time: &apos;2016-10-13 10:48:57 -0700&apos;
System info: host: &apos;ShilpaLohare&apos;, ip: &apos;172.20.10.2&apos;, os.name: &apos;Windows 8.1&apos;, os.arch: &apos;x86&apos;, os.version: &apos;6.3&apos;, java.version: &apos;1.8.0_111&apos;
Driver info: driver.version: unknown" type="org.openqa.selenium.support.ui.UnexpectedTagNameException">org.openqa.selenium.support.ui.UnexpectedTagNameException: Element should have been &quot;select&quot; but was &quot;input&quot;
Build info: version: &apos;3.0.0&apos;, revision: &apos;350cf60&apos;, time: &apos;2016-10-13 10:48:57 -0700&apos;
System info: host: &apos;ShilpaLohare&apos;, ip: &apos;172.20.10.2&apos;, os.name: &apos;Windows 8.1&apos;, os.arch: &apos;x86&apos;, os.version: &apos;6.3&apos;, java.version: &apos;1.8.0_111&apos;
Driver info: driver.version: unknown
	at org.openqa.selenium.support.ui.Select.&lt;init&gt;(Select.java:47)
	at OrangeHm.PimPage.selectFromList(PimPage.java:78)
	at OrangeHm.PimPage.selectStatus(PimPage.java:102)
	at OrangeHm.stepDefinitions.stepDef.userEntersthedetailsofemployee(stepDef.java:124)
	at ✽.And user enters details of employee(Employee.feature:15)
</error>
  </testcase>
</testsuite>